  win32_platform.cpp
H:\Scripts\TikTakToe\TikTakToe\Cube.cpp(69,36): warning C4244: '=': conversion from 'double' to 'int', possible loss of data
  (compiling source file 'win32_platform.cpp')
  
H:\Scripts\TikTakToe\TikTakToe\Cube.cpp(73,25): warning C4244: '=': conversion from 'double' to 'int', possible loss of data
  (compiling source file 'win32_platform.cpp')
  
H:\Scripts\TikTakToe\TikTakToe\Cube.cpp(90,36): warning C4244: '=': conversion from 'double' to 'int', possible loss of data
  (compiling source file 'win32_platform.cpp')
  
H:\Scripts\TikTakToe\TikTakToe\Cube.cpp(94,25): warning C4244: '=': conversion from 'double' to 'int', possible loss of data
  (compiling source file 'win32_platform.cpp')
  
H:\Scripts\TikTakToe\TikTakToe\Renderer.cpp(109,18): warning C4244: 'initializing': conversion from 'int' to 'float', possible loss of data
  (compiling source file 'win32_platform.cpp')
  
H:\Scripts\TikTakToe\TikTakToe\Renderer.cpp(138,23): warning C4244: 'initializing': conversion from 'double' to 'float', possible loss of data
  (compiling source file 'win32_platform.cpp')
  
H:\Scripts\TikTakToe\TikTakToe\Renderer.cpp(139,23): warning C4244: 'initializing': conversion from 'double' to 'float', possible loss of data
  (compiling source file 'win32_platform.cpp')
  
H:\Scripts\TikTakToe\TikTakToe\Renderer.cpp(141,24): warning C4244: 'initializing': conversion from 'float' to 'int', possible loss of data
  (compiling source file 'win32_platform.cpp')
  
H:\Scripts\TikTakToe\TikTakToe\game.cpp(12,40): warning C4305: '+=': truncation from 'double' to 'float'
  (compiling source file 'win32_platform.cpp')
  
H:\Scripts\TikTakToe\TikTakToe\game.cpp(13,41): warning C4305: '-=': truncation from 'double' to 'float'
  (compiling source file 'win32_platform.cpp')
  
H:\Scripts\TikTakToe\TikTakToe\game.cpp(29,39): warning C4244: '=': conversion from 'float' to 'int', possible loss of data
  (compiling source file 'win32_platform.cpp')
  
H:\Scripts\TikTakToe\TikTakToe\game.cpp(30,20): warning C4244: '=': conversion from 'float' to 'int', possible loss of data
  (compiling source file 'win32_platform.cpp')
  
H:\Scripts\TikTakToe\TikTakToe\game.cpp(31,39): warning C4244: '=': conversion from 'float' to 'int', possible loss of data
  (compiling source file 'win32_platform.cpp')
  
H:\Scripts\TikTakToe\TikTakToe\game.cpp(32,20): warning C4244: '=': conversion from 'float' to 'int', possible loss of data
  (compiling source file 'win32_platform.cpp')
  
H:\Scripts\TikTakToe\TikTakToe\game.cpp(35,23): warning C4244: 'argument': conversion from 'double' to 'float', possible loss of data
  (compiling source file 'win32_platform.cpp')
  
H:\Scripts\TikTakToe\TikTakToe\game.cpp(51,61): warning C4244: '=': conversion from 'double' to 'int', possible loss of data
  (compiling source file 'win32_platform.cpp')
  
H:\Scripts\TikTakToe\TikTakToe\game.cpp(52,51): warning C4244: '=': conversion from 'float' to 'int', possible loss of data
  (compiling source file 'win32_platform.cpp')
  
H:\Scripts\TikTakToe\TikTakToe\game.cpp(56,66): warning C4244: '=': conversion from 'double' to 'int', possible loss of data
  (compiling source file 'win32_platform.cpp')
  
H:\Scripts\TikTakToe\TikTakToe\game.cpp(57,51): warning C4244: '=': conversion from 'float' to 'int', possible loss of data
  (compiling source file 'win32_platform.cpp')
  
H:\Scripts\TikTakToe\TikTakToe\game.cpp(64,16): warning C4244: 'initializing': conversion from 'int' to 'float', possible loss of data
  (compiling source file 'win32_platform.cpp')
  
H:\Scripts\TikTakToe\TikTakToe\game.cpp(65,16): warning C4244: 'initializing': conversion from 'int' to 'float', possible loss of data
  (compiling source file 'win32_platform.cpp')
  
H:\Scripts\TikTakToe\TikTakToe\game.cpp(67,13): warning C4244: 'initializing': conversion from 'float' to 'int', possible loss of data
  (compiling source file 'win32_platform.cpp')
  
H:\Scripts\TikTakToe\TikTakToe\game.cpp(68,13): warning C4244: 'initializing': conversion from 'float' to 'int', possible loss of data
  (compiling source file 'win32_platform.cpp')
  
H:\Scripts\TikTakToe\TikTakToe\game.cpp(69,13): warning C4244: 'initializing': conversion from 'float' to 'int', possible loss of data
  (compiling source file 'win32_platform.cpp')
  
H:\Scripts\TikTakToe\TikTakToe\game.cpp(70,13): warning C4244: 'initializing': conversion from 'float' to 'int', possible loss of data
  (compiling source file 'win32_platform.cpp')
  
H:\Scripts\TikTakToe\TikTakToe\game.cpp(73,23): warning C4244: '=': conversion from 'double' to 'int', possible loss of data
  (compiling source file 'win32_platform.cpp')
  
H:\Scripts\TikTakToe\TikTakToe\game.cpp(77,23): warning C4244: '=': conversion from 'double' to 'int', possible loss of data
  (compiling source file 'win32_platform.cpp')
  
H:\Scripts\TikTakToe\TikTakToe\game.cpp(81,23): warning C4244: '=': conversion from 'double' to 'int', possible loss of data
  (compiling source file 'win32_platform.cpp')
  
H:\Scripts\TikTakToe\TikTakToe\game.cpp(85,23): warning C4244: '=': conversion from 'double' to 'int', possible loss of data
  (compiling source file 'win32_platform.cpp')
  
  Generating code
  Previous IPDB not found, fall back to full compilation.
  All 6 functions were compiled because no usable IPDB/IOBJ from previous compilation was found.
  Finished generating code
  TikTakToe.vcxproj -> H:\Scripts\TikTakToe\x64\Release\TikTakToe.exe
